<?xml version="1.0" encoding="UTF-8"?>
<testsuite xmlns:xsi="http://www.w3.org/2001/XMLSchema-instance" xsi:noNamespaceSchemaLocation="https://maven.apache.org/surefire/maven-surefire-plugin/xsd/surefire-test-report.xsd" name="com.lr.dubbo.order.AppTest" time="0.023" tests="1" errors="0" skipped="0" failures="0">
  <properties>
    <property name="sun.desktop" value="windows"/>
    <property name="awt.toolkit" value="sun.awt.windows.WToolkit"/>
    <property name="file.encoding.pkg" value="sun.io"/>
    <property name="java.specification.version" value="1.8"/>
    <property name="sun.cpu.isalist" value="amd64"/>
    <property name="sun.jnu.encoding" value="GBK"/>
    <property name="java.class.path" value="F:\idea\newFramework\dubbo-order\order-api\target\test-classes;F:\idea\newFramework\dubbo-order\order-api\target\classes;E:\mavenrepository\junit\junit\4.11\junit-4.11.jar;E:\mavenrepository\org\hamcrest\hamcrest-core\1.3\hamcrest-core-1.3.jar;E:\mavenrepository\com\alibaba\dubbo\2.5.3\dubbo-2.5.3.jar;E:\mavenrepository\org\springframework\spring\2.5.6.SEC03\spring-2.5.6.SEC03.jar;E:\mavenrepository\org\javassist\javassist\3.15.0-GA\javassist-3.15.0-GA.jar;E:\mavenrepository\org\jboss\netty\netty\3.2.5.Final\netty-3.2.5.Final.jar;E:\mavenrepository\io\netty\netty-all\4.0.35.Final\netty-all-4.0.35.Final.jar;E:\mavenrepository\com\101tec\zkclient\0.5\zkclient-0.5.jar;E:\mavenrepository\org\slf4j\slf4j-api\1.6.1\slf4j-api-1.6.1.jar;E:\mavenrepository\org\slf4j\slf4j-log4j12\1.6.1\slf4j-log4j12-1.6.1.jar;E:\mavenrepository\org\apache\zookeeper\zookeeper\3.4.3\zookeeper-3.4.3.jar;E:\mavenrepository\jline\jline\0.9.94\jline-0.9.94.jar;E:\mavenrepository\log4j\log4j\1.2.16\log4j-1.2.16.jar;E:\mavenrepository\com\github\sgroschupf\zkclient\0.1\zkclient-0.1.jar;E:\mavenrepository\com\caucho\hessian\4.0.38\hessian-4.0.38.jar;E:\mavenrepository\javax\servlet\servlet-api\2.5\servlet-api-2.5.jar;E:\mavenrepository\org\mortbay\jetty\jetty\6.1.26\jetty-6.1.26.jar;E:\mavenrepository\org\mortbay\jetty\jetty-util\6.1.26\jetty-util-6.1.26.jar;E:\mavenrepository\org\mortbay\jetty\servlet-api\2.5-20081211\servlet-api-2.5-20081211.jar;E:\mavenrepository\org\springframework\spring-context\3.0.6.RELEASE\spring-context-3.0.6.RELEASE.jar;E:\mavenrepository\org\springframework\spring-expression\3.0.6.RELEASE\spring-expression-3.0.6.RELEASE.jar;E:\mavenrepository\org\springframework\spring-asm\3.0.6.RELEASE\spring-asm-3.0.6.RELEASE.jar;E:\mavenrepository\org\springframework\spring-core\3.0.6.RELEASE\spring-core-3.0.6.RELEASE.jar;E:\mavenrepository\commons-logging\commons-logging\1.1.1\commons-logging-1.1.1.jar;E:\mavenrepository\org\springframework\spring-context-support\3.0.6.RELEASE\spring-context-support-3.0.6.RELEASE.jar;E:\mavenrepository\org\springframework\spring-beans\3.0.6.RELEASE\spring-beans-3.0.6.RELEASE.jar;E:\mavenrepository\org\springframework\spring-orm\3.0.6.RELEASE\spring-orm-3.0.6.RELEASE.jar;E:\mavenrepository\org\springframework\spring-oxm\3.0.6.RELEASE\spring-oxm-3.0.6.RELEASE.jar;E:\mavenrepository\org\springframework\spring-jdbc\3.0.6.RELEASE\spring-jdbc-3.0.6.RELEASE.jar;E:\mavenrepository\org\springframework\spring-tx\3.0.6.RELEASE\spring-tx-3.0.6.RELEASE.jar;E:\mavenrepository\aopalliance\aopalliance\1.0\aopalliance-1.0.jar;E:\mavenrepository\org\springframework\spring-web\3.0.6.RELEASE\spring-web-3.0.6.RELEASE.jar;E:\mavenrepository\org\springframework\spring-webmvc\3.0.6.RELEASE\spring-webmvc-3.0.6.RELEASE.jar;E:\mavenrepository\org\springframework\spring-aop\3.0.6.RELEASE\spring-aop-3.0.6.RELEASE.jar;E:\mavenrepository\org\springframework\spring-test\3.0.6.RELEASE\spring-test-3.0.6.RELEASE.jar;"/>
    <property name="java.vm.vendor" value="Oracle Corporation"/>
    <property name="sun.arch.data.model" value="64"/>
    <property name="user.variant" value=""/>
    <property name="java.vendor.url" value="http://java.oracle.com/"/>
    <property name="user.timezone" value="Asia/Shanghai"/>
    <property name="java.vm.specification.version" value="1.8"/>
    <property name="os.name" value="Windows 10"/>
    <property name="user.country" value="CN"/>
    <property name="sun.java.launcher" value="SUN_STANDARD"/>
    <property name="sun.boot.library.path" value="E:\software\jdk\jre\bin"/>
    <property name="sun.java.command" value="C:\Users\45417\AppData\Local\Temp\surefire4905342859365592767\surefirebooter6518521938284879964.jar C:\Users\45417\AppData\Local\Temp\surefire4905342859365592767 2019-10-12T15-49-28_660-jvmRun1 surefire5665376475425220685tmp surefire_02803562874845843787tmp"/>
    <property name="surefire.test.class.path" value="F:\idea\newFramework\dubbo-order\order-api\target\test-classes;F:\idea\newFramework\dubbo-order\order-api\target\classes;E:\mavenrepository\junit\junit\4.11\junit-4.11.jar;E:\mavenrepository\org\hamcrest\hamcrest-core\1.3\hamcrest-core-1.3.jar;E:\mavenrepository\com\alibaba\dubbo\2.5.3\dubbo-2.5.3.jar;E:\mavenrepository\org\springframework\spring\2.5.6.SEC03\spring-2.5.6.SEC03.jar;E:\mavenrepository\org\javassist\javassist\3.15.0-GA\javassist-3.15.0-GA.jar;E:\mavenrepository\org\jboss\netty\netty\3.2.5.Final\netty-3.2.5.Final.jar;E:\mavenrepository\io\netty\netty-all\4.0.35.Final\netty-all-4.0.35.Final.jar;E:\mavenrepository\com\101tec\zkclient\0.5\zkclient-0.5.jar;E:\mavenrepository\org\slf4j\slf4j-api\1.6.1\slf4j-api-1.6.1.jar;E:\mavenrepository\org\slf4j\slf4j-log4j12\1.6.1\slf4j-log4j12-1.6.1.jar;E:\mavenrepository\org\apache\zookeeper\zookeeper\3.4.3\zookeeper-3.4.3.jar;E:\mavenrepository\jline\jline\0.9.94\jline-0.9.94.jar;E:\mavenrepository\log4j\log4j\1.2.16\log4j-1.2.16.jar;E:\mavenrepository\com\github\sgroschupf\zkclient\0.1\zkclient-0.1.jar;E:\mavenrepository\com\caucho\hessian\4.0.38\hessian-4.0.38.jar;E:\mavenrepository\javax\servlet\servlet-api\2.5\servlet-api-2.5.jar;E:\mavenrepository\org\mortbay\jetty\jetty\6.1.26\jetty-6.1.26.jar;E:\mavenrepository\org\mortbay\jetty\jetty-util\6.1.26\jetty-util-6.1.26.jar;E:\mavenrepository\org\mortbay\jetty\servlet-api\2.5-20081211\servlet-api-2.5-20081211.jar;E:\mavenrepository\org\springframework\spring-context\3.0.6.RELEASE\spring-context-3.0.6.RELEASE.jar;E:\mavenrepository\org\springframework\spring-expression\3.0.6.RELEASE\spring-expression-3.0.6.RELEASE.jar;E:\mavenrepository\org\springframework\spring-asm\3.0.6.RELEASE\spring-asm-3.0.6.RELEASE.jar;E:\mavenrepository\org\springframework\spring-core\3.0.6.RELEASE\spring-core-3.0.6.RELEASE.jar;E:\mavenrepository\commons-logging\commons-logging\1.1.1\commons-logging-1.1.1.jar;E:\mavenrepository\org\springframework\spring-context-support\3.0.6.RELEASE\spring-context-support-3.0.6.RELEASE.jar;E:\mavenrepository\org\springframework\spring-beans\3.0.6.RELEASE\spring-beans-3.0.6.RELEASE.jar;E:\mavenrepository\org\springframework\spring-orm\3.0.6.RELEASE\spring-orm-3.0.6.RELEASE.jar;E:\mavenrepository\org\springframework\spring-oxm\3.0.6.RELEASE\spring-oxm-3.0.6.RELEASE.jar;E:\mavenrepository\org\springframework\spring-jdbc\3.0.6.RELEASE\spring-jdbc-3.0.6.RELEASE.jar;E:\mavenrepository\org\springframework\spring-tx\3.0.6.RELEASE\spring-tx-3.0.6.RELEASE.jar;E:\mavenrepository\aopalliance\aopalliance\1.0\aopalliance-1.0.jar;E:\mavenrepository\org\springframework\spring-web\3.0.6.RELEASE\spring-web-3.0.6.RELEASE.jar;E:\mavenrepository\org\springframework\spring-webmvc\3.0.6.RELEASE\spring-webmvc-3.0.6.RELEASE.jar;E:\mavenrepository\org\springframework\spring-aop\3.0.6.RELEASE\spring-aop-3.0.6.RELEASE.jar;E:\mavenrepository\org\springframework\spring-test\3.0.6.RELEASE\spring-test-3.0.6.RELEASE.jar;"/>
    <property name="sun.cpu.endian" value="little"/>
    <property name="user.home" value="C:\Users\45417"/>
    <property name="user.language" value="zh"/>
    <property name="java.specification.vendor" value="Oracle Corporation"/>
    <property name="java.home" value="E:\software\jdk\jre"/>
    <property name="basedir" value="F:\idea\newFramework\dubbo-order\order-api"/>
    <property name="file.separator" value="\"/>
    <property name="line.separator" value="&#10;"/>
    <property name="java.vm.specification.vendor" value="Oracle Corporation"/>
    <property name="java.specification.name" value="Java Platform API Specification"/>
    <property name="java.awt.graphicsenv" value="sun.awt.Win32GraphicsEnvironment"/>
    <property name="surefire.real.class.path" value="C:\Users\45417\AppData\Local\Temp\surefire4905342859365592767\surefirebooter6518521938284879964.jar"/>
    <property name="sun.boot.class.path" value="E:\software\jdk\jre\lib\resources.jar;E:\software\jdk\jre\lib\rt.jar;E:\software\jdk\jre\lib\sunrsasign.jar;E:\software\jdk\jre\lib\jsse.jar;E:\software\jdk\jre\lib\jce.jar;E:\software\jdk\jre\lib\charsets.jar;E:\software\jdk\jre\lib\jfr.jar;E:\software\jdk\jre\classes"/>
    <property name="user.script" value=""/>
    <property name="sun.management.compiler" value="HotSpot 64-Bit Tiered Compilers"/>
    <property name="java.runtime.version" value="1.8.0_131-b11"/>
    <property name="user.name" value="45417"/>
    <property name="path.separator" value=";"/>
    <property name="os.version" value="10.0"/>
    <property name="java.endorsed.dirs" value="E:\software\jdk\jre\lib\endorsed"/>
    <property name="java.runtime.name" value="Java(TM) SE Runtime Environment"/>
    <property name="file.encoding" value="GBK"/>
    <property name="java.vm.name" value="Java HotSpot(TM) 64-Bit Server VM"/>
    <property name="localRepository" value="E:\mavenrepository"/>
    <property name="java.vendor.url.bug" value="http://bugreport.sun.com/bugreport/"/>
    <property name="java.io.tmpdir" value="C:\Users\45417\AppData\Local\Temp\"/>
    <property name="idea.version" value="2018.2.2"/>
    <property name="java.version" value="1.8.0_131"/>
    <property name="user.dir" value="F:\idea\newFramework\dubbo-order\order-api"/>
    <property name="os.arch" value="amd64"/>
    <property name="java.vm.specification.name" value="Java Virtual Machine Specification"/>
    <property name="java.awt.printerjob" value="sun.awt.windows.WPrinterJob"/>
    <property name="sun.os.patch.level" value=""/>
    <property name="java.library.path" value="E:\software\jdk\jre\bin;C:\WINDOWS\Sun\Java\bin;C:\WINDOWS\system32;C:\WINDOWS;E:\software\ftp\;E:\software\xshell\;C:\ProgramData\Oracle\Java\javapath;C:\Program Files (x86)\Intel\Intel(R) Management Engine Components\iCLS\;C:\Program Files\Intel\Intel(R) Management Engine Components\iCLS\;C:\WINDOWS\system32;C:\WINDOWS;C:\WINDOWS\System32\Wbem;C:\WINDOWS\System32\WindowsPowerShell\v1.0\;C:\Program Files (x86)\Intel\Intel(R) Management Engine Components\DAL;C:\Program Files\Intel\Intel(R) Management Engine Components\DAL;C:\Program Files (x86)\Intel\Intel(R) Management Engine Components\IPT;C:\Program Files\Intel\Intel(R) Management Engine Components\IPT;E:\software\jdk\bin;E:\software\OpenVPN\bin;E:\software\Git\cmd;E:\software\maven\bin;C:\WINDOWS\System32\OpenSSH\;E:\software\mysql\mysql\bin;E:\software\nodejs\;C:\Program Files\TortoiseSVN\bin;E:\software\Python;E:\software\chromedriver;C:\Users\45417\AppData\Local\Google\Chrome\Application;C:\Users\45417\AppData\Local\Microsoft\WindowsApps;E:\software\OraClient Lite\product\11.2.0\client_lite\bin;C:\Users\45417\AppData\Roaming\npm;E:\software\Microsoft VS Code\bin;C:\Users\45417\AppData\Local\BypassRuntm;E:\software\PyCharm 2019.2.2\bin;;."/>
    <property name="java.vm.info" value="mixed mode"/>
    <property name="java.vendor" value="Oracle Corporation"/>
    <property name="java.vm.version" value="25.131-b11"/>
    <property name="java.ext.dirs" value="E:\software\jdk\jre\lib\ext;C:\WINDOWS\Sun\Java\lib\ext"/>
    <property name="sun.io.unicode.encoding" value="UnicodeLittle"/>
    <property name="java.class.version" value="52.0"/>
  </properties>
  <testcase name="shouldAnswerWithTrue" classname="com.lr.dubbo.order.AppTest" time="0.001"/>
</testsuite>